{"Z:\\GPP\\week@4\\financial-ledger-api\\src\\app.js": {"path":"Z:\\GPP\\week@4\\financial-ledger-api\\src\\app.js","statementMap":{"0":{"start":{"line":1,"column":16},"end":{"line":1,"column":34}},"1":{"start":{"line":2,"column":22},"end":{"line":2,"column":56}},"2":{"start":{"line":3,"column":26},"end":{"line":3,"column":64}},"3":{"start":{"line":4,"column":25},"end":{"line":4,"column":61}},"4":{"start":{"line":6,"column":12},"end":{"line":6,"column":21}},"5":{"start":{"line":9,"column":0},"end":{"line":9,"column":24}},"6":{"start":{"line":12,"column":0},"end":{"line":14,"column":3}},"7":{"start":{"line":13,"column":2},"end":{"line":13,"column":78}},"8":{"start":{"line":17,"column":0},"end":{"line":17,"column":36}},"9":{"start":{"line":18,"column":0},"end":{"line":18,"column":32}},"10":{"start":{"line":21,"column":0},"end":{"line":23,"column":3}},"11":{"start":{"line":22,"column":2},"end":{"line":22,"column":53}},"12":{"start":{"line":26,"column":0},"end":{"line":26,"column":22}},"13":{"start":{"line":28,"column":0},"end":{"line":28,"column":21}}},"fnMap":{"0":{"name":"(anonymous_0)","decl":{"start":{"line":12,"column":19},"end":{"line":12,"column":20}},"loc":{"start":{"line":12,"column":33},"end":{"line":14,"column":1}},"line":12},"1":{"name":"(anonymous_1)","decl":{"start":{"line":21,"column":8},"end":{"line":21,"column":9}},"loc":{"start":{"line":21,"column":22},"end":{"line":23,"column":1}},"line":21}},"branchMap":{},"s":{"0":1,"1":1,"2":1,"3":1,"4":1,"5":1,"6":1,"7":0,"8":1,"9":1,"10":1,"11":0,"12":1,"13":1},"f":{"0":0,"1":0},"b":{},"_coverageSchema":"1a1c01bbd47fc00a2c39e90264f33305004495a9","hash":"8ca10cb6d71a4098da4fcc1ac73d5bd5177903d6"}
,"Z:\\GPP\\week@4\\financial-ledger-api\\src\\controllers\\account.controller.js": {"path":"Z:\\GPP\\week@4\\financial-ledger-api\\src\\controllers\\account.controller.js","statementMap":{"0":{"start":{"line":1,"column":23},"end":{"line":1,"column":61}},"1":{"start":{"line":2,"column":35},"end":{"line":2,"column":72}},"2":{"start":{"line":8,"column":22},"end":{"line":12,"column":2}},"3":{"start":{"line":9,"column":44},"end":{"line":9,"column":52}},"4":{"start":{"line":10,"column":18},"end":{"line":10,"column":83}},"5":{"start":{"line":11,"column":2},"end":{"line":11,"column":32}},"6":{"start":{"line":14,"column":19},"end":{"line":23,"column":2}},"7":{"start":{"line":15,"column":20},"end":{"line":15,"column":33}},"8":{"start":{"line":16,"column":17},"end":{"line":16,"column":70}},"9":{"start":{"line":18,"column":2},"end":{"line":20,"column":3}},"10":{"start":{"line":19,"column":4},"end":{"line":19,"column":49}},"11":{"start":{"line":22,"column":2},"end":{"line":22,"column":31}},"12":{"start":{"line":25,"column":25},"end":{"line":29,"column":2}},"13":{"start":{"line":26,"column":20},"end":{"line":26,"column":33}},"14":{"start":{"line":27,"column":17},"end":{"line":27,"column":65}},"15":{"start":{"line":28,"column":2},"end":{"line":28,"column":31}},"16":{"start":{"line":31,"column":0},"end":{"line":35,"column":2}}},"fnMap":{"0":{"name":"(anonymous_0)","decl":{"start":{"line":8,"column":35},"end":{"line":8,"column":36}},"loc":{"start":{"line":8,"column":55},"end":{"line":12,"column":1}},"line":8},"1":{"name":"(anonymous_1)","decl":{"start":{"line":14,"column":32},"end":{"line":14,"column":33}},"loc":{"start":{"line":14,"column":52},"end":{"line":23,"column":1}},"line":14},"2":{"name":"(anonymous_2)","decl":{"start":{"line":25,"column":38},"end":{"line":25,"column":39}},"loc":{"start":{"line":25,"column":58},"end":{"line":29,"column":1}},"line":25}},"branchMap":{"0":{"loc":{"start":{"line":18,"column":2},"end":{"line":20,"column":3}},"type":"if","locations":[{"start":{"line":18,"column":2},"end":{"line":20,"column":3}},{"start":{},"end":{}}],"line":18}},"s":{"0":1,"1":1,"2":1,"3":1,"4":1,"5":0,"6":1,"7":0,"8":0,"9":0,"10":0,"11":0,"12":1,"13":0,"14":0,"15":0,"16":1},"f":{"0":1,"1":0,"2":0},"b":{"0":[0,0]},"_coverageSchema":"1a1c01bbd47fc00a2c39e90264f33305004495a9","hash":"e6351e1a79158c7035c9cb975678fa9b3e53bc1b"}
,"Z:\\GPP\\week@4\\financial-ledger-api\\src\\controllers\\transaction.controller.js": {"path":"Z:\\GPP\\week@4\\financial-ledger-api\\src\\controllers\\transaction.controller.js","statementMap":{"0":{"start":{"line":1,"column":23},"end":{"line":1,"column":61}},"1":{"start":{"line":2,"column":26},"end":{"line":2,"column":67}},"2":{"start":{"line":3,"column":24},"end":{"line":3,"column":63}},"3":{"start":{"line":4,"column":35},"end":{"line":4,"column":72}},"4":{"start":{"line":10,"column":16},"end":{"line":14,"column":2}},"5":{"start":{"line":11,"column":45},"end":{"line":11,"column":53}},"6":{"start":{"line":12,"column":17},"end":{"line":12,"column":84}},"7":{"start":{"line":13,"column":2},"end":{"line":13,"column":31}},"8":{"start":{"line":16,"column":19},"end":{"line":20,"column":2}},"9":{"start":{"line":17,"column":45},"end":{"line":17,"column":53}},"10":{"start":{"line":18,"column":17},"end":{"line":18,"column":90}},"11":{"start":{"line":19,"column":2},"end":{"line":19,"column":31}},"12":{"start":{"line":22,"column":17},"end":{"line":36,"column":2}},"13":{"start":{"line":23,"column":73},"end":{"line":23,"column":81}},"14":{"start":{"line":25,"column":2},"end":{"line":27,"column":3}},"15":{"start":{"line":26,"column":4},"end":{"line":26,"column":67}},"16":{"start":{"line":29,"column":17},"end":{"line":34,"column":3}},"17":{"start":{"line":35,"column":2},"end":{"line":35,"column":31}},"18":{"start":{"line":38,"column":0},"end":{"line":42,"column":2}}},"fnMap":{"0":{"name":"(anonymous_0)","decl":{"start":{"line":10,"column":29},"end":{"line":10,"column":30}},"loc":{"start":{"line":10,"column":49},"end":{"line":14,"column":1}},"line":10},"1":{"name":"(anonymous_1)","decl":{"start":{"line":16,"column":32},"end":{"line":16,"column":33}},"loc":{"start":{"line":16,"column":52},"end":{"line":20,"column":1}},"line":16},"2":{"name":"(anonymous_2)","decl":{"start":{"line":22,"column":30},"end":{"line":22,"column":31}},"loc":{"start":{"line":22,"column":50},"end":{"line":36,"column":1}},"line":22}},"branchMap":{"0":{"loc":{"start":{"line":25,"column":2},"end":{"line":27,"column":3}},"type":"if","locations":[{"start":{"line":25,"column":2},"end":{"line":27,"column":3}},{"start":{},"end":{}}],"line":25}},"s":{"0":1,"1":1,"2":1,"3":1,"4":1,"5":0,"6":0,"7":0,"8":1,"9":0,"10":0,"11":0,"12":1,"13":0,"14":0,"15":0,"16":0,"17":0,"18":1},"f":{"0":0,"1":0,"2":0},"b":{"0":[0,0]},"_coverageSchema":"1a1c01bbd47fc00a2c39e90264f33305004495a9","hash":"67cbabb3ed8f5fcf3a32569d465f3f814e7172b3"}
,"Z:\\GPP\\week@4\\financial-ledger-api\\src\\database\\account.repository.js": {"path":"Z:\\GPP\\week@4\\financial-ledger-api\\src\\database\\account.repository.js","statementMap":{"0":{"start":{"line":1,"column":13},"end":{"line":1,"column":28}},"1":{"start":{"line":2,"column":15},"end":{"line":2,"column":32}},"2":{"start":{"line":8,"column":23},"end":{"line":14,"column":1}},"3":{"start":{"line":9,"column":17},"end":{"line":12,"column":3}},"4":{"start":{"line":13,"column":2},"end":{"line":13,"column":24}},"5":{"start":{"line":16,"column":32},"end":{"line":22,"column":1}},"6":{"start":{"line":17,"column":17},"end":{"line":20,"column":3}},"7":{"start":{"line":21,"column":2},"end":{"line":21,"column":24}},"8":{"start":{"line":24,"column":29},"end":{"line":30,"column":1}},"9":{"start":{"line":25,"column":17},"end":{"line":28,"column":3}},"10":{"start":{"line":29,"column":2},"end":{"line":29,"column":21}},"11":{"start":{"line":32,"column":22},"end":{"line":42,"column":1}},"12":{"start":{"line":33,"column":17},"end":{"line":40,"column":3}},"13":{"start":{"line":41,"column":2},"end":{"line":41,"column":24}},"14":{"start":{"line":44,"column":26},"end":{"line":61,"column":1}},"15":{"start":{"line":45,"column":17},"end":{"line":59,"column":3}},"16":{"start":{"line":60,"column":2},"end":{"line":60,"column":44}},"17":{"start":{"line":63,"column":0},"end":{"line":69,"column":2}}},"fnMap":{"0":{"name":"(anonymous_0)","decl":{"start":{"line":8,"column":23},"end":{"line":8,"column":24}},"loc":{"start":{"line":8,"column":44},"end":{"line":14,"column":1}},"line":8},"1":{"name":"(anonymous_1)","decl":{"start":{"line":16,"column":32},"end":{"line":16,"column":33}},"loc":{"start":{"line":16,"column":61},"end":{"line":22,"column":1}},"line":16},"2":{"name":"(anonymous_2)","decl":{"start":{"line":24,"column":29},"end":{"line":24,"column":30}},"loc":{"start":{"line":24,"column":59},"end":{"line":30,"column":1}},"line":24},"3":{"name":"(anonymous_3)","decl":{"start":{"line":32,"column":22},"end":{"line":32,"column":23}},"loc":{"start":{"line":32,"column":63},"end":{"line":42,"column":1}},"line":32},"4":{"name":"(anonymous_4)","decl":{"start":{"line":44,"column":26},"end":{"line":44,"column":27}},"loc":{"start":{"line":44,"column":55},"end":{"line":61,"column":1}},"line":44}},"branchMap":{},"s":{"0":1,"1":1,"2":1,"3":0,"4":0,"5":1,"6":0,"7":0,"8":1,"9":0,"10":0,"11":1,"12":1,"13":0,"14":1,"15":0,"16":0,"17":1},"f":{"0":0,"1":0,"2":0,"3":1,"4":0},"b":{},"_coverageSchema":"1a1c01bbd47fc00a2c39e90264f33305004495a9","hash":"743fed3a818cf87f12cf8b2f8df8742a40df4d64"}
,"Z:\\GPP\\week@4\\financial-ledger-api\\src\\database\\db.js": {"path":"Z:\\GPP\\week@4\\financial-ledger-api\\src\\database\\db.js","statementMap":{"0":{"start":{"line":1,"column":17},"end":{"line":1,"column":30}},"1":{"start":{"line":3,"column":17},"end":{"line":3,"column":65}},"2":{"start":{"line":5,"column":0},"end":{"line":9,"column":3}},"3":{"start":{"line":6,"column":2},"end":{"line":8,"column":3}},"4":{"start":{"line":7,"column":4},"end":{"line":7,"column":69}},"5":{"start":{"line":11,"column":13},"end":{"line":17,"column":2}},"6":{"start":{"line":19,"column":0},"end":{"line":19,"column":22}}},"fnMap":{"0":{"name":"(anonymous_0)","decl":{"start":{"line":5,"column":17},"end":{"line":5,"column":18}},"loc":{"start":{"line":5,"column":26},"end":{"line":9,"column":1}},"line":5}},"branchMap":{"0":{"loc":{"start":{"line":6,"column":2},"end":{"line":8,"column":3}},"type":"if","locations":[{"start":{"line":6,"column":2},"end":{"line":8,"column":3}},{"start":{},"end":{}}],"line":6}},"s":{"0":1,"1":1,"2":1,"3":4,"4":0,"5":1,"6":1},"f":{"0":4},"b":{"0":[0,4]},"_coverageSchema":"1a1c01bbd47fc00a2c39e90264f33305004495a9","hash":"666312a412cd9d129eef5d1dca1f6c3cc8e71e64"}
,"Z:\\GPP\\week@4\\financial-ledger-api\\src\\database\\transaction.repository.js": {"path":"Z:\\GPP\\week@4\\financial-ledger-api\\src\\database\\transaction.repository.js","statementMap":{"0":{"start":{"line":1,"column":13},"end":{"line":1,"column":28}},"1":{"start":{"line":2,"column":15},"end":{"line":2,"column":32}},"2":{"start":{"line":8,"column":26},"end":{"line":38,"column":1}},"3":{"start":{"line":15,"column":6},"end":{"line":15,"column":13}},"4":{"start":{"line":17,"column":17},"end":{"line":35,"column":3}},"5":{"start":{"line":37,"column":2},"end":{"line":37,"column":27}},"6":{"start":{"line":40,"column":26},"end":{"line":50,"column":1}},"7":{"start":{"line":41,"column":17},"end":{"line":48,"column":3}},"8":{"start":{"line":49,"column":2},"end":{"line":49,"column":27}},"9":{"start":{"line":52,"column":25},"end":{"line":68,"column":1}},"10":{"start":{"line":53,"column":17},"end":{"line":66,"column":3}},"11":{"start":{"line":67,"column":2},"end":{"line":67,"column":21}},"12":{"start":{"line":70,"column":0},"end":{"line":74,"column":2}}},"fnMap":{"0":{"name":"(anonymous_0)","decl":{"start":{"line":8,"column":26},"end":{"line":8,"column":27}},"loc":{"start":{"line":8,"column":59},"end":{"line":38,"column":1}},"line":8},"1":{"name":"(anonymous_1)","decl":{"start":{"line":40,"column":26},"end":{"line":40,"column":27}},"loc":{"start":{"line":40,"column":89},"end":{"line":50,"column":1}},"line":40},"2":{"name":"(anonymous_2)","decl":{"start":{"line":52,"column":25},"end":{"line":52,"column":26}},"loc":{"start":{"line":52,"column":46},"end":{"line":68,"column":1}},"line":52}},"branchMap":{"0":{"loc":{"start":{"line":29,"column":6},"end":{"line":29,"column":29}},"type":"binary-expr","locations":[{"start":{"line":29,"column":6},"end":{"line":29,"column":21}},{"start":{"line":29,"column":25},"end":{"line":29,"column":29}}],"line":29},"1":{"loc":{"start":{"line":30,"column":6},"end":{"line":30,"column":34}},"type":"binary-expr","locations":[{"start":{"line":30,"column":6},"end":{"line":30,"column":26}},{"start":{"line":30,"column":30},"end":{"line":30,"column":34}}],"line":30},"2":{"loc":{"start":{"line":33,"column":6},"end":{"line":33,"column":25}},"type":"binary-expr","locations":[{"start":{"line":33,"column":6},"end":{"line":33,"column":17}},{"start":{"line":33,"column":21},"end":{"line":33,"column":25}}],"line":33}},"s":{"0":1,"1":1,"2":1,"3":0,"4":0,"5":0,"6":1,"7":0,"8":0,"9":1,"10":0,"11":0,"12":1},"f":{"0":0,"1":0,"2":0},"b":{"0":[0,0],"1":[0,0],"2":[0,0]},"_coverageSchema":"1a1c01bbd47fc00a2c39e90264f33305004495a9","hash":"a4854de67fe748507e7341ee3f0c1b43a8aaeb05"}
,"Z:\\GPP\\week@4\\financial-ledger-api\\src\\middleware\\errorHandler.js": {"path":"Z:\\GPP\\week@4\\financial-ledger-api\\src\\middleware\\errorHandler.js","statementMap":{"0":{"start":{"line":7,"column":4},"end":{"line":7,"column":19}},"1":{"start":{"line":8,"column":4},"end":{"line":8,"column":33}},"2":{"start":{"line":9,"column":4},"end":{"line":9,"column":30}},"3":{"start":{"line":10,"column":4},"end":{"line":10,"column":52}},"4":{"start":{"line":14,"column":21},"end":{"line":44,"column":1}},"5":{"start":{"line":15,"column":38},"end":{"line":15,"column":41}},"6":{"start":{"line":18,"column":2},"end":{"line":21,"column":3}},"7":{"start":{"line":19,"column":4},"end":{"line":19,"column":21}},"8":{"start":{"line":20,"column":4},"end":{"line":20,"column":40}},"9":{"start":{"line":24,"column":2},"end":{"line":27,"column":3}},"10":{"start":{"line":25,"column":4},"end":{"line":25,"column":21}},"11":{"start":{"line":26,"column":4},"end":{"line":26,"column":46}},"12":{"start":{"line":30,"column":2},"end":{"line":33,"column":3}},"13":{"start":{"line":31,"column":4},"end":{"line":31,"column":21}},"14":{"start":{"line":32,"column":4},"end":{"line":32,"column":42}},"15":{"start":{"line":36,"column":2},"end":{"line":38,"column":3}},"16":{"start":{"line":37,"column":4},"end":{"line":37,"column":33}},"17":{"start":{"line":40,"column":2},"end":{"line":43,"column":5}},"18":{"start":{"line":46,"column":21},"end":{"line":50,"column":1}},"19":{"start":{"line":47,"column":2},"end":{"line":49,"column":4}},"20":{"start":{"line":48,"column":4},"end":{"line":48,"column":52}},"21":{"start":{"line":52,"column":0},"end":{"line":56,"column":2}}},"fnMap":{"0":{"name":"(anonymous_0)","decl":{"start":{"line":6,"column":2},"end":{"line":6,"column":3}},"loc":{"start":{"line":6,"column":35},"end":{"line":11,"column":3}},"line":6},"1":{"name":"(anonymous_1)","decl":{"start":{"line":14,"column":21},"end":{"line":14,"column":22}},"loc":{"start":{"line":14,"column":46},"end":{"line":44,"column":1}},"line":14},"2":{"name":"(anonymous_2)","decl":{"start":{"line":46,"column":21},"end":{"line":46,"column":22}},"loc":{"start":{"line":46,"column":29},"end":{"line":50,"column":1}},"line":46},"3":{"name":"(anonymous_3)","decl":{"start":{"line":47,"column":9},"end":{"line":47,"column":10}},"loc":{"start":{"line":47,"column":29},"end":{"line":49,"column":3}},"line":47}},"branchMap":{"0":{"loc":{"start":{"line":15,"column":8},"end":{"line":15,"column":24}},"type":"default-arg","locations":[{"start":{"line":15,"column":21},"end":{"line":15,"column":24}}],"line":15},"1":{"loc":{"start":{"line":18,"column":2},"end":{"line":21,"column":3}},"type":"if","locations":[{"start":{"line":18,"column":2},"end":{"line":21,"column":3}},{"start":{},"end":{}}],"line":18},"2":{"loc":{"start":{"line":24,"column":2},"end":{"line":27,"column":3}},"type":"if","locations":[{"start":{"line":24,"column":2},"end":{"line":27,"column":3}},{"start":{},"end":{}}],"line":24},"3":{"loc":{"start":{"line":30,"column":2},"end":{"line":33,"column":3}},"type":"if","locations":[{"start":{"line":30,"column":2},"end":{"line":33,"column":3}},{"start":{},"end":{}}],"line":30},"4":{"loc":{"start":{"line":36,"column":2},"end":{"line":38,"column":3}},"type":"if","locations":[{"start":{"line":36,"column":2},"end":{"line":38,"column":3}},{"start":{},"end":{}}],"line":36},"5":{"loc":{"start":{"line":42,"column":8},"end":{"line":42,"column":70}},"type":"binary-expr","locations":[{"start":{"line":42,"column":8},"end":{"line":42,"column":46}},{"start":{"line":42,"column":50},"end":{"line":42,"column":70}}],"line":42}},"s":{"0":0,"1":0,"2":0,"3":0,"4":1,"5":1,"6":1,"7":0,"8":0,"9":1,"10":0,"11":0,"12":1,"13":0,"14":0,"15":1,"16":0,"17":1,"18":1,"19":6,"20":1,"21":1},"f":{"0":0,"1":1,"2":6,"3":1},"b":{"0":[1],"1":[0,1],"2":[0,1],"3":[0,1],"4":[0,1],"5":[1,0]},"_coverageSchema":"1a1c01bbd47fc00a2c39e90264f33305004495a9","hash":"e55bba8469a2ef2953c0ed2174ad22bbbb9a9342"}
,"Z:\\GPP\\week@4\\financial-ledger-api\\src\\routes\\account.routes.js": {"path":"Z:\\GPP\\week@4\\financial-ledger-api\\src\\routes\\account.routes.js","statementMap":{"0":{"start":{"line":1,"column":16},"end":{"line":1,"column":34}},"1":{"start":{"line":2,"column":15},"end":{"line":2,"column":31}},"2":{"start":{"line":3,"column":26},"end":{"line":3,"column":70}},"3":{"start":{"line":4,"column":59},"end":{"line":4,"column":89}},"4":{"start":{"line":11,"column":0},"end":{"line":15,"column":2}},"5":{"start":{"line":18,"column":0},"end":{"line":22,"column":2}},"6":{"start":{"line":25,"column":0},"end":{"line":29,"column":2}},"7":{"start":{"line":31,"column":0},"end":{"line":31,"column":24}}},"fnMap":{},"branchMap":{},"s":{"0":1,"1":1,"2":1,"3":1,"4":1,"5":1,"6":1,"7":1},"f":{},"b":{},"_coverageSchema":"1a1c01bbd47fc00a2c39e90264f33305004495a9","hash":"72657e73f0c6150c308580362767c7bd5200f3f6"}
,"Z:\\GPP\\week@4\\financial-ledger-api\\src\\routes\\transaction.routes.js": {"path":"Z:\\GPP\\week@4\\financial-ledger-api\\src\\routes\\transaction.routes.js","statementMap":{"0":{"start":{"line":1,"column":16},"end":{"line":1,"column":34}},"1":{"start":{"line":2,"column":15},"end":{"line":2,"column":31}},"2":{"start":{"line":3,"column":30},"end":{"line":3,"column":78}},"3":{"start":{"line":4,"column":62},"end":{"line":4,"column":92}},"4":{"start":{"line":11,"column":0},"end":{"line":15,"column":2}},"5":{"start":{"line":18,"column":0},"end":{"line":22,"column":2}},"6":{"start":{"line":25,"column":0},"end":{"line":29,"column":2}},"7":{"start":{"line":31,"column":0},"end":{"line":31,"column":24}}},"fnMap":{},"branchMap":{},"s":{"0":1,"1":1,"2":1,"3":1,"4":1,"5":1,"6":1,"7":1},"f":{},"b":{},"_coverageSchema":"1a1c01bbd47fc00a2c39e90264f33305004495a9","hash":"29ad58ebec4f92bc1afff37f86b7943b6f94adb1"}
,"Z:\\GPP\\week@4\\financial-ledger-api\\src\\services\\account.service.js": {"path":"Z:\\GPP\\week@4\\financial-ledger-api\\src\\services\\account.service.js","statementMap":{"0":{"start":{"line":1,"column":13},"end":{"line":1,"column":38}},"1":{"start":{"line":2,"column":20},"end":{"line":2,"column":61}},"2":{"start":{"line":3,"column":24},"end":{"line":3,"column":69}},"3":{"start":{"line":4,"column":21},"end":{"line":4,"column":58}},"4":{"start":{"line":12,"column":22},"end":{"line":15,"column":1}},"5":{"start":{"line":13,"column":18},"end":{"line":13,"column":80}},"6":{"start":{"line":14,"column":2},"end":{"line":14,"column":17}},"7":{"start":{"line":17,"column":30},"end":{"line":45,"column":1}},"8":{"start":{"line":18,"column":17},"end":{"line":18,"column":37}},"9":{"start":{"line":20,"column":2},"end":{"line":44,"column":3}},"10":{"start":{"line":21,"column":4},"end":{"line":21,"column":32}},"11":{"start":{"line":23,"column":26},"end":{"line":26,"column":5}},"12":{"start":{"line":27,"column":20},"end":{"line":27,"column":41}},"13":{"start":{"line":29,"column":4},"end":{"line":32,"column":5}},"14":{"start":{"line":30,"column":6},"end":{"line":30,"column":37}},"15":{"start":{"line":31,"column":6},"end":{"line":31,"column":51}},"16":{"start":{"line":34,"column":20},"end":{"line":34,"column":74}},"17":{"start":{"line":36,"column":4},"end":{"line":36,"column":33}},"18":{"start":{"line":38,"column":4},"end":{"line":38,"column":67}},"19":{"start":{"line":40,"column":4},"end":{"line":40,"column":35}},"20":{"start":{"line":41,"column":4},"end":{"line":41,"column":14}},"21":{"start":{"line":43,"column":4},"end":{"line":43,"column":21}},"22":{"start":{"line":47,"column":25},"end":{"line":56,"column":1}},"23":{"start":{"line":49,"column":18},"end":{"line":49,"column":61}},"24":{"start":{"line":50,"column":2},"end":{"line":52,"column":3}},"25":{"start":{"line":51,"column":4},"end":{"line":51,"column":49}},"26":{"start":{"line":54,"column":24},"end":{"line":54,"column":73}},"27":{"start":{"line":55,"column":2},"end":{"line":55,"column":23}},"28":{"start":{"line":58,"column":0},"end":{"line":62,"column":2}}},"fnMap":{"0":{"name":"(anonymous_0)","decl":{"start":{"line":12,"column":22},"end":{"line":12,"column":23}},"loc":{"start":{"line":12,"column":63},"end":{"line":15,"column":1}},"line":12},"1":{"name":"(anonymous_1)","decl":{"start":{"line":17,"column":30},"end":{"line":17,"column":31}},"loc":{"start":{"line":17,"column":51},"end":{"line":45,"column":1}},"line":17},"2":{"name":"(anonymous_2)","decl":{"start":{"line":47,"column":25},"end":{"line":47,"column":26}},"loc":{"start":{"line":47,"column":46},"end":{"line":56,"column":1}},"line":47}},"branchMap":{"0":{"loc":{"start":{"line":29,"column":4},"end":{"line":32,"column":5}},"type":"if","locations":[{"start":{"line":29,"column":4},"end":{"line":32,"column":5}},{"start":{},"end":{}}],"line":29},"1":{"loc":{"start":{"line":50,"column":2},"end":{"line":52,"column":3}},"type":"if","locations":[{"start":{"line":50,"column":2},"end":{"line":52,"column":3}},{"start":{},"end":{}}],"line":50}},"s":{"0":1,"1":1,"2":1,"3":1,"4":1,"5":1,"6":0,"7":1,"8":0,"9":0,"10":0,"11":0,"12":0,"13":0,"14":0,"15":0,"16":0,"17":0,"18":0,"19":0,"20":0,"21":0,"22":1,"23":0,"24":0,"25":0,"26":0,"27":0,"28":1},"f":{"0":1,"1":0,"2":0},"b":{"0":[0,0],"1":[0,0]},"_coverageSchema":"1a1c01bbd47fc00a2c39e90264f33305004495a9","hash":"c5e9aaf9bce4c96ae22007caf6f42b1d51d220a5"}
,"Z:\\GPP\\week@4\\financial-ledger-api\\src\\services\\deposit.service.js": {"path":"Z:\\GPP\\week@4\\financial-ledger-api\\src\\services\\deposit.service.js","statementMap":{"0":{"start":{"line":1,"column":13},"end":{"line":1,"column":38}},"1":{"start":{"line":2,"column":20},"end":{"line":2,"column":61}},"2":{"start":{"line":3,"column":24},"end":{"line":3,"column":69}},"3":{"start":{"line":4,"column":21},"end":{"line":4,"column":58}},"4":{"start":{"line":10,"column":23},"end":{"line":53,"column":1}},"5":{"start":{"line":11,"column":17},"end":{"line":11,"column":37}},"6":{"start":{"line":13,"column":2},"end":{"line":52,"column":3}},"7":{"start":{"line":14,"column":4},"end":{"line":14,"column":32}},"8":{"start":{"line":17,"column":20},"end":{"line":17,"column":80}},"9":{"start":{"line":19,"column":4},"end":{"line":22,"column":5}},"10":{"start":{"line":20,"column":6},"end":{"line":20,"column":37}},"11":{"start":{"line":21,"column":6},"end":{"line":21,"column":63}},"12":{"start":{"line":25,"column":26},"end":{"line":30,"column":6}},"13":{"start":{"line":33,"column":4},"end":{"line":39,"column":6}},"14":{"start":{"line":41,"column":4},"end":{"line":41,"column":33}},"15":{"start":{"line":43,"column":4},"end":{"line":46,"column":6}},"16":{"start":{"line":48,"column":4},"end":{"line":48,"column":35}},"17":{"start":{"line":49,"column":4},"end":{"line":49,"column":14}},"18":{"start":{"line":51,"column":4},"end":{"line":51,"column":21}},"19":{"start":{"line":55,"column":0},"end":{"line":57,"column":2}}},"fnMap":{"0":{"name":"(anonymous_0)","decl":{"start":{"line":10,"column":23},"end":{"line":10,"column":24}},"loc":{"start":{"line":10,"column":65},"end":{"line":53,"column":1}},"line":10}},"branchMap":{"0":{"loc":{"start":{"line":19,"column":4},"end":{"line":22,"column":5}},"type":"if","locations":[{"start":{"line":19,"column":4},"end":{"line":22,"column":5}},{"start":{},"end":{}}],"line":19}},"s":{"0":1,"1":1,"2":1,"3":1,"4":1,"5":0,"6":0,"7":0,"8":0,"9":0,"10":0,"11":0,"12":0,"13":0,"14":0,"15":0,"16":0,"17":0,"18":0,"19":1},"f":{"0":0},"b":{"0":[0,0]},"_coverageSchema":"1a1c01bbd47fc00a2c39e90264f33305004495a9","hash":"f12d5271908f7c44178fcfb9c6f69952ace953de"}
,"Z:\\GPP\\week@4\\financial-ledger-api\\src\\services\\transfer.service.js": {"path":"Z:\\GPP\\week@4\\financial-ledger-api\\src\\services\\transfer.service.js","statementMap":{"0":{"start":{"line":1,"column":13},"end":{"line":1,"column":38}},"1":{"start":{"line":2,"column":20},"end":{"line":2,"column":61}},"2":{"start":{"line":3,"column":24},"end":{"line":3,"column":69}},"3":{"start":{"line":4,"column":21},"end":{"line":4,"column":58}},"4":{"start":{"line":10,"column":24},"end":{"line":83,"column":1}},"5":{"start":{"line":11,"column":17},"end":{"line":11,"column":37}},"6":{"start":{"line":13,"column":2},"end":{"line":82,"column":3}},"7":{"start":{"line":14,"column":4},"end":{"line":14,"column":32}},"8":{"start":{"line":17,"column":21},"end":{"line":20,"column":5}},"9":{"start":{"line":22,"column":4},"end":{"line":25,"column":5}},"10":{"start":{"line":23,"column":6},"end":{"line":23,"column":37}},"11":{"start":{"line":24,"column":6},"end":{"line":24,"column":76}},"12":{"start":{"line":27,"column":26},"end":{"line":27,"column":70}},"13":{"start":{"line":27,"column":45},"end":{"line":27,"column":69}},"14":{"start":{"line":28,"column":31},"end":{"line":28,"column":80}},"15":{"start":{"line":28,"column":50},"end":{"line":28,"column":79}},"16":{"start":{"line":31,"column":4},"end":{"line":34,"column":5}},"17":{"start":{"line":32,"column":6},"end":{"line":32,"column":37}},"18":{"start":{"line":33,"column":6},"end":{"line":33,"column":51}},"19":{"start":{"line":37,"column":26},"end":{"line":37,"column":86}},"20":{"start":{"line":39,"column":4},"end":{"line":42,"column":5}},"21":{"start":{"line":40,"column":6},"end":{"line":40,"column":37}},"22":{"start":{"line":41,"column":6},"end":{"line":41,"column":52}},"23":{"start":{"line":45,"column":26},"end":{"line":51,"column":6}},"24":{"start":{"line":54,"column":4},"end":{"line":60,"column":6}},"25":{"start":{"line":63,"column":4},"end":{"line":69,"column":6}},"26":{"start":{"line":71,"column":4},"end":{"line":71,"column":33}},"27":{"start":{"line":73,"column":4},"end":{"line":76,"column":6}},"28":{"start":{"line":78,"column":4},"end":{"line":78,"column":35}},"29":{"start":{"line":79,"column":4},"end":{"line":79,"column":14}},"30":{"start":{"line":81,"column":4},"end":{"line":81,"column":21}},"31":{"start":{"line":85,"column":0},"end":{"line":87,"column":2}}},"fnMap":{"0":{"name":"(anonymous_0)","decl":{"start":{"line":10,"column":24},"end":{"line":10,"column":25}},"loc":{"start":{"line":10,"column":94},"end":{"line":83,"column":1}},"line":10},"1":{"name":"(anonymous_1)","decl":{"start":{"line":27,"column":40},"end":{"line":27,"column":41}},"loc":{"start":{"line":27,"column":45},"end":{"line":27,"column":69}},"line":27},"2":{"name":"(anonymous_2)","decl":{"start":{"line":28,"column":45},"end":{"line":28,"column":46}},"loc":{"start":{"line":28,"column":50},"end":{"line":28,"column":79}},"line":28}},"branchMap":{"0":{"loc":{"start":{"line":22,"column":4},"end":{"line":25,"column":5}},"type":"if","locations":[{"start":{"line":22,"column":4},"end":{"line":25,"column":5}},{"start":{},"end":{}}],"line":22},"1":{"loc":{"start":{"line":31,"column":4},"end":{"line":34,"column":5}},"type":"if","locations":[{"start":{"line":31,"column":4},"end":{"line":34,"column":5}},{"start":{},"end":{}}],"line":31},"2":{"loc":{"start":{"line":39,"column":4},"end":{"line":42,"column":5}},"type":"if","locations":[{"start":{"line":39,"column":4},"end":{"line":42,"column":5}},{"start":{},"end":{}}],"line":39}},"s":{"0":1,"1":1,"2":1,"3":1,"4":1,"5":0,"6":0,"7":0,"8":0,"9":0,"10":0,"11":0,"12":0,"13":0,"14":0,"15":0,"16":0,"17":0,"18":0,"19":0,"20":0,"21":0,"22":0,"23":0,"24":0,"25":0,"26":0,"27":0,"28":0,"29":0,"30":0,"31":1},"f":{"0":0,"1":0,"2":0},"b":{"0":[0,0],"1":[0,0],"2":[0,0]},"_coverageSchema":"1a1c01bbd47fc00a2c39e90264f33305004495a9","hash":"12d0ddbe62519e8fd603491a0eb800cd4da48acb"}
,"Z:\\GPP\\week@4\\financial-ledger-api\\src\\services\\withdrawal.service.js": {"path":"Z:\\GPP\\week@4\\financial-ledger-api\\src\\services\\withdrawal.service.js","statementMap":{"0":{"start":{"line":1,"column":13},"end":{"line":1,"column":38}},"1":{"start":{"line":2,"column":20},"end":{"line":2,"column":61}},"2":{"start":{"line":3,"column":24},"end":{"line":3,"column":69}},"3":{"start":{"line":4,"column":21},"end":{"line":4,"column":58}},"4":{"start":{"line":10,"column":26},"end":{"line":62,"column":1}},"5":{"start":{"line":11,"column":17},"end":{"line":11,"column":37}},"6":{"start":{"line":13,"column":2},"end":{"line":61,"column":3}},"7":{"start":{"line":14,"column":4},"end":{"line":14,"column":32}},"8":{"start":{"line":17,"column":20},"end":{"line":17,"column":80}},"9":{"start":{"line":19,"column":4},"end":{"line":22,"column":5}},"10":{"start":{"line":20,"column":6},"end":{"line":20,"column":37}},"11":{"start":{"line":21,"column":6},"end":{"line":21,"column":63}},"12":{"start":{"line":25,"column":27},"end":{"line":25,"column":81}},"13":{"start":{"line":28,"column":4},"end":{"line":31,"column":5}},"14":{"start":{"line":29,"column":6},"end":{"line":29,"column":37}},"15":{"start":{"line":30,"column":6},"end":{"line":30,"column":52}},"16":{"start":{"line":34,"column":26},"end":{"line":39,"column":6}},"17":{"start":{"line":42,"column":4},"end":{"line":48,"column":6}},"18":{"start":{"line":50,"column":4},"end":{"line":50,"column":33}},"19":{"start":{"line":52,"column":4},"end":{"line":55,"column":6}},"20":{"start":{"line":57,"column":4},"end":{"line":57,"column":35}},"21":{"start":{"line":58,"column":4},"end":{"line":58,"column":14}},"22":{"start":{"line":60,"column":4},"end":{"line":60,"column":21}},"23":{"start":{"line":64,"column":0},"end":{"line":66,"column":2}}},"fnMap":{"0":{"name":"(anonymous_0)","decl":{"start":{"line":10,"column":26},"end":{"line":10,"column":27}},"loc":{"start":{"line":10,"column":68},"end":{"line":62,"column":1}},"line":10}},"branchMap":{"0":{"loc":{"start":{"line":19,"column":4},"end":{"line":22,"column":5}},"type":"if","locations":[{"start":{"line":19,"column":4},"end":{"line":22,"column":5}},{"start":{},"end":{}}],"line":19},"1":{"loc":{"start":{"line":28,"column":4},"end":{"line":31,"column":5}},"type":"if","locations":[{"start":{"line":28,"column":4},"end":{"line":31,"column":5}},{"start":{},"end":{}}],"line":28}},"s":{"0":1,"1":1,"2":1,"3":1,"4":1,"5":0,"6":0,"7":0,"8":0,"9":0,"10":0,"11":0,"12":0,"13":0,"14":0,"15":0,"16":0,"17":0,"18":0,"19":0,"20":0,"21":0,"22":0,"23":1},"f":{"0":0},"b":{"0":[0,0],"1":[0,0]},"_coverageSchema":"1a1c01bbd47fc00a2c39e90264f33305004495a9","hash":"016eb3a9d9f4d13f9ad5940b7e185120f67b89cf"}
,"Z:\\GPP\\week@4\\financial-ledger-api\\src\\utils\\validators.js": {"path":"Z:\\GPP\\week@4\\financial-ledger-api\\src\\utils\\validators.js","statementMap":{"0":{"start":{"line":1,"column":12},"end":{"line":1,"column":26}},"1":{"start":{"line":8,"column":22},"end":{"line":8,"column":59}},"2":{"start":{"line":9,"column":19},"end":{"line":9,"column":68}},"3":{"start":{"line":12,"column":28},"end":{"line":16,"column":2}},"4":{"start":{"line":19,"column":24},"end":{"line":21,"column":2}},"5":{"start":{"line":24,"column":32},"end":{"line":28,"column":2}},"6":{"start":{"line":31,"column":23},"end":{"line":40,"column":2}},"7":{"start":{"line":45,"column":17},"end":{"line":67,"column":1}},"8":{"start":{"line":46,"column":2},"end":{"line":66,"column":4}},"9":{"start":{"line":47,"column":29},"end":{"line":50,"column":6}},"10":{"start":{"line":52,"column":4},"end":{"line":62,"column":5}},"11":{"start":{"line":53,"column":21},"end":{"line":56,"column":9}},"12":{"start":{"line":53,"column":50},"end":{"line":56,"column":7}},"13":{"start":{"line":58,"column":6},"end":{"line":61,"column":9}},"14":{"start":{"line":64,"column":4},"end":{"line":64,"column":26}},"15":{"start":{"line":65,"column":4},"end":{"line":65,"column":11}},"16":{"start":{"line":69,"column":0},"end":{"line":77,"column":2}}},"fnMap":{"0":{"name":"(anonymous_0)","decl":{"start":{"line":45,"column":17},"end":{"line":45,"column":18}},"loc":{"start":{"line":45,"column":48},"end":{"line":67,"column":1}},"line":45},"1":{"name":"(anonymous_1)","decl":{"start":{"line":46,"column":9},"end":{"line":46,"column":10}},"loc":{"start":{"line":46,"column":29},"end":{"line":66,"column":3}},"line":46},"2":{"name":"(anonymous_2)","decl":{"start":{"line":53,"column":39},"end":{"line":53,"column":40}},"loc":{"start":{"line":53,"column":50},"end":{"line":56,"column":7}},"line":53}},"branchMap":{"0":{"loc":{"start":{"line":45,"column":26},"end":{"line":45,"column":43}},"type":"default-arg","locations":[{"start":{"line":45,"column":37},"end":{"line":45,"column":43}}],"line":45},"1":{"loc":{"start":{"line":52,"column":4},"end":{"line":62,"column":5}},"type":"if","locations":[{"start":{"line":52,"column":4},"end":{"line":62,"column":5}},{"start":{},"end":{}}],"line":52}},"s":{"0":1,"1":1,"2":1,"3":1,"4":1,"5":1,"6":1,"7":1,"8":6,"9":1,"10":1,"11":0,"12":0,"13":0,"14":1,"15":1,"16":1},"f":{"0":6,"1":1,"2":0},"b":{"0":[4],"1":[0,1]},"_coverageSchema":"1a1c01bbd47fc00a2c39e90264f33305004495a9","hash":"88a1df12d309156b1061f28170180121362ff2b8"}
}
